LINE ADDR CONTENTS SOURCE LINE
  1.              ;array = [1,1,1,1]
  2.              ;maxindex = len(array) - 1
  3.              ;acc=0
  4.              ;XR=0
  5.              ;while xr <= maxindex:
  6.              ;	acc = acc + array(XR)
  7.              ;	XR= XR + 1
  8.              ;print(acc)
  9.              
 10.              	.equ array_size,4
 11.  000 000000  	lda#	0
 12.  001 010000  	ldx#	0
 13.              
 14.  002 21200D  loop:	cmx	max
 15.  003 4D2007  	jgt	end
 16.  004 104009  	ada+	ones
 17.  005 110001  	adx#	1
 18.  006 402002  	jmp	loop
 19.              	
 20.  007 04200E  end:	sta	result
 21.  008 FFFFFF  	hlt
 22.  009 000001  ones:	.blkw array_size,1
 23.  00D 000003  max:	.word array_size - 1
 24.  00E 000000  result:	.word 0

                     SYMBOL TABLE CONTENTS

000004 = ARRAY_SIZE      000007 = END             000002 = LOOP            
00000D = MAX             000009 = ONES            00000E = RESULT          
