LINE ADDR CONTENTS SOURCE LINE
  1.              	.equ array, $101
  2.  000 002100  	lda	$100
  3.  001 04201D  	sta	len
  4.              
  5.  002 00201E  for:	lda	i
  6.  003 20201D  	cma	len
  7.  004 4B201B  	jge	end
  8.  005 01201E  	ldx	i
  9.  006 004101  	lda+	array
 10.  007 04201F  	sta	current
 11.  008 00201E  	lda	i
 12.  009 042020  	sta	position
 13.              
 14.  00A 012020  while:	ldx	position
 15.  00B 150001  	sbx#	1
 16.  00C 004101  	lda+	array
 17.  00D 20201F  	cma	current
 18.  00E 4B2012  	jge	swap
 19.  00F 012020  	ldx	position
 20.  010 044101  	sta+	array
 21.  011 1C2020  	dec	position
 22.              
 23.  012 042021  swap:	sta	temp
 24.  013 00201F  	lda	current
 25.  014 044101  	sta+	array
 26.  015 002021  	lda	temp
 27.  016 012020  	ldx	position
 28.  017 044101  	sta+	array
 29.  018 1B201E  	inc	i
 30.  019 01201E  	ldx	i
 31.  01A 40200A  	jmp	while
 32.              	
 33.  01B FFFFFF  end:	hlt
 34.              
 35.  01C 000000  right:	.word 0
 36.  01D 000000  len:	.word 0
 37.  01E 000001  i:	.word 1
 38.  01F 000000  current:	.word 0
 39.  020 000000  position:	.word 0
 40.  021 000000  temp:	.word 0

                     SYMBOL TABLE CONTENTS

000101 = ARRAY           00001F = CURRENT         00001B = END             
000002 = FOR             00001E = I               00001D = LEN             
000020 = POSITION        00001C = RIGHT           000012 = SWAP            
000021 = TEMP            00000A = WHILE           