LINE ADDR CONTENTS SOURCE LINE
  1.              	.equ	row_len, 3
  2.              	.equ col_len, 4
  3.              	.equ	max_row, row_len - 1
  4.              	.equ max_col, col_len - 1
  5.              
  6.  000 002012  rloop:	lda	curr_row
  7.  001 200002  	cma#	max_row
  8.  002 4D2011  	jgt	rloop_end
  9.              
 10.  003 002013  cloop:	lda	curr_col
 11.  004 200003  	cma#	max_col
 12.  005 4D200E  	jgt	cloop_end
 13.              
 14.  006 002012  	lda	curr_row
 15.  007 180003  	mul#	row_len
 16.  008 102013  	ada	curr_col
 17.              
 18.              	;compute value
 19.  009 002012  	lda	curr_row
 20.  00A 182013  	mul	curr_col
 21.              	;store value in table
 22.  00B 044014  	sta+	table
 23.              	;increment current column
 24.  00C 1B2013  	inc	curr_col
 25.              	;back to the top of cloop
 26.  00D 402003  	jmp	cloop
 27.              
 28.  00E 0A2013  cloop_end:	clr	curr_col
 29.  00F 1B2012  	inc	curr_row
 30.  010 402000  	jmp	rloop
 31.              
 32.  011 FFFFFF  rloop_end:	hlt
 33.              
 34.  012 000000  curr_row:	.word 0
 35.  013 000000  curr_col:	.word 0
 36.  014 FFFFFF  table:	.blkw row_len * col_len, -1

                     SYMBOL TABLE CONTENTS

000003 = CLOOP           00000E = CLOOP_END       000004 = COL_LEN         
000013 = CURR_COL        000012 = CURR_ROW        000003 = MAX_COL         
000002 = MAX_ROW         000000 = RLOOP           000011 = RLOOP_END       
000003 = ROW_LEN         000014 = TABLE           